<?xml version="1.0" encoding="utf-8"?><testsuites name="pytest tests"><testsuite name="pytest" errors="0" failures="0" skipped="0" tests="21" time="5.489" timestamp="2026-05-03T18:01:08.335379+00:00" hostname="agent-env-338c334f-b452-49ce-8577-c2e6ae43d336"><testcase classname="backend.tests.test_zalites_api" name="test_root" time="0.377" /><testcase classname="backend.tests.test_zalites_api.TestAuth" name="test_login_invalid" time="0.272" /><testcase classname="backend.tests.test_zalites_api.TestAuth" name="test_me_no_auth" time="0.123" /><testcase classname="backend.tests.test_zalites_api.TestAuth" name="test_me_with_token" time="0.387" /><testcase classname="backend.tests.test_zalites_api.TestAuth" name="test_logout" time="0.120" /><testcase classname="backend.tests.test_zalites_api.TestNews" name="test_list_news_public" time="0.109" /><testcase classname="backend.tests.test_zalites_api.TestNews" name="test_create_news_requires_auth" time="0.116" /><testcase classname="backend.tests.test_zalites_api.TestNews" name="test_news_crud" time="0.750" /><testcase classname="backend.tests.test_zalites_api.TestSchedule" name="test_list_schedule" time="0.116" /><testcase classname="backend.tests.test_zalites_api.TestSchedule" name="test_groups" time="0.120" /><testcase classname="backend.tests.test_zalites_api.TestSchedule" name="test_filter_by_group" time="0.147" /><testcase classname="backend.tests.test_zalites_api.TestSchedule" name="test_conflicts_endpoint_requires_admin" time="0.115" /><testcase classname="backend.tests.test_zalites_api.TestSchedule" name="test_create_schedule_with_conflict" time="0.698" /><testcase classname="backend.tests.test_zalites_api.TestPages" name="test_get_history" time="0.108" /><testcase classname="backend.tests.test_zalites_api.TestPages" name="test_get_invalid_slug" time="0.127" /><testcase classname="backend.tests.test_zalites_api.TestPages" name="test_update_page_requires_auth" time="0.100" /><testcase classname="backend.tests.test_zalites_api.TestPages" name="test_update_page" time="0.444" /><testcase classname="backend.tests.test_zalites_api.TestUsers" name="test_list_requires_auth" time="0.104" /><testcase classname="backend.tests.test_zalites_api.TestUsers" name="test_list_users" time="0.110" /><testcase classname="backend.tests.test_zalites_api.TestUsers" name="test_create_user_and_delete" time="0.540" /><testcase classname="backend.tests.test_zalites_api.TestUsers" name="test_cannot_delete_self" time="0.169" /></testsuite></testsuites>